[debug] [2026-03-23T16:58:56.483Z] ----------------------------------------------------------------------
[debug] [2026-03-23T16:58:56.486Z] Command:       /nix/store/ws50yvm6vzlzf7jzz6n7xh4szddrack1-nodejs-20.19.1/bin/node /nix/store/gm9mcvzb17vv8cla08khrg29vxn3sq4r-firebase-tools-15.1.0/lib/node_modules/firebase-tools/lib/bin/firebase.js deploy --only hosting --non-interactive --project test-06147957
[debug] [2026-03-23T16:58:56.487Z] CLI Version:   15.1.0
[debug] [2026-03-23T16:58:56.487Z] Platform:      linux
[debug] [2026-03-23T16:58:56.487Z] Node Version:  v20.19.1
[debug] [2026-03-23T16:58:56.487Z] Time:          Mon Mar 23 2026 16:58:56 GMT+0000 (Coordinated Universal Time)
[debug] [2026-03-23T16:58:56.487Z] ----------------------------------------------------------------------
[debug] 
[debug] [2026-03-23T16:58:58.165Z] > command requires scopes: ["email","openid","https://www.googleapis.com/auth/cloudplatformprojects.readonly","https://www.googleapis.com/auth/firebase","https://www.googleapis.com/auth/cloud-platform","https://www.googleapis.com/auth/userinfo.email"]
[debug] [2026-03-23T16:58:58.166Z] > authorizing via signed-in user (namho1123@gmail.com)
[debug] [2026-03-23T16:58:58.166Z] [iam] checking project test-06147957 for permissions ["firebase.projects.get","firebasehosting.sites.update"]
[debug] [2026-03-23T16:58:58.168Z] Checked if tokens are valid: true, expires at: 1774288717095
[debug] [2026-03-23T16:58:58.168Z] Checked if tokens are valid: true, expires at: 1774288717095
[debug] [2026-03-23T16:58:58.170Z] >>> [apiv2][query] POST https://cloudresourcemanager.googleapis.com/v1/projects/test-06147957:testIamPermissions [none]
[debug] [2026-03-23T16:58:58.170Z] >>> [apiv2][(partial)header] POST https://cloudresourcemanager.googleapis.com/v1/projects/test-06147957:testIamPermissions x-goog-quota-user=projects/test-06147957
[debug] [2026-03-23T16:58:58.170Z] >>> [apiv2][body] POST https://cloudresourcemanager.googleapis.com/v1/projects/test-06147957:testIamPermissions {"permissions":["firebase.projects.get","firebasehosting.sites.update"]}
[debug] [2026-03-23T16:58:59.189Z] <<< [apiv2][status] POST https://cloudresourcemanager.googleapis.com/v1/projects/test-06147957:testIamPermissions 200
[debug] [2026-03-23T16:58:59.190Z] <<< [apiv2][body] POST https://cloudresourcemanager.googleapis.com/v1/projects/test-06147957:testIamPermissions {}
[debug] [2026-03-23T16:58:59.190Z] [iam] error while checking permissions, command may fail: Authorization failed. This account is missing the following required permissions on project test-06147957:

  firebase.projects.get
  firebasehosting.sites.update
[debug] [2026-03-23T16:58:59.191Z] Checked if tokens are valid: true, expires at: 1774288717095
[debug] [2026-03-23T16:58:59.191Z] Checked if tokens are valid: true, expires at: 1774288717095
[debug] [2026-03-23T16:58:59.192Z] >>> [apiv2][query] GET https://firebase.googleapis.com/v1beta1/projects/test-06147957 [none]
[debug] [2026-03-23T16:58:59.792Z] <<< [apiv2][status] GET https://firebase.googleapis.com/v1beta1/projects/test-06147957 403
[debug] [2026-03-23T16:58:59.793Z] <<< [apiv2][body] GET https://firebase.googleapis.com/v1beta1/projects/test-06147957 {"error":{"code":403,"message":"The caller does not have permission","status":"PERMISSION_DENIED"}}
[debug] [2026-03-23T16:58:59.794Z] Request to https://firebase.googleapis.com/v1beta1/projects/test-06147957 had HTTP Error: 403, The caller does not have permission
[debug] [2026-03-23T16:58:59.810Z] FirebaseError: Request to https://firebase.googleapis.com/v1beta1/projects/test-06147957 had HTTP Error: 403, The caller does not have permission
    at responseToError (/nix/store/gm9mcvzb17vv8cla08khrg29vxn3sq4r-firebase-tools-15.1.0/lib/node_modules/firebase-tools/lib/responseToError.js:53:12)
    at RetryOperation._fn (/nix/store/gm9mcvzb17vv8cla08khrg29vxn3sq4r-firebase-tools-15.1.0/lib/node_modules/firebase-tools/lib/apiv2.js:322:77)
    at process.processTicksAndRejections (node:internal/process/task_queues:95:5)
[error] 
[error] Error: Failed to get Firebase project test-06147957. Please make sure the project exists and your account has permission to access it.
